2022-11-13 14:29:37,277 [Worker-21] INFO  o.e.m.c.i.l.LifecycleMappingFactory - Using org.eclipse.m2e.jdt.JarLifecycleMapping lifecycle mapping for MavenProject: com.myproject:carshowroom-automation:0.0.1-SNAPSHOT @ C:\HACKATHON\carshowroommanager\pom.xml.
2022-11-13 14:29:39,801 [Worker-21] INFO  o.e.m.j.i.AbstractJavaProjectConfigurator - Adding source folder /carshowroom-automation/src/main/java
2022-11-13 14:29:39,801 [Worker-21] INFO  o.e.m.j.i.AbstractJavaProjectConfigurator - Adding resource folder /carshowroom-automation/src/main/resources
2022-11-13 14:29:39,807 [Worker-21] INFO  o.e.m.j.i.AbstractJavaProjectConfigurator - Adding resource folder /carshowroom-automation/src/main/resources
2022-11-13 14:29:39,815 [Worker-21] INFO  o.e.m.j.i.AbstractJavaProjectConfigurator - Adding source folder /carshowroom-automation/src/test/java
2022-11-13 14:29:40,709 [Worker-21] INFO  o.e.m.c.i.p.ProjectConfigurationManager - Imported and configured 1 project(s) in 5 sec
2022-11-13 14:29:42,410 [Worker-24] INFO  o.e.m.c.i.embedder.EclipseLogger - Using 'UTF-8' encoding to copy filtered resources.
2022-11-13 14:29:42,417 [Worker-24] INFO  o.e.m.c.i.embedder.EclipseLogger - Copying 1 resource
2022-11-13 14:29:42,430 [Worker-24] INFO  o.e.m.c.i.embedder.EclipseLogger - Copying 281 resources
2022-11-13 14:29:42,692 [Worker-24] INFO  o.e.m.c.i.embedder.EclipseLogger - Using 'UTF-8' encoding to copy filtered resources.
2022-11-13 14:29:42,693 [Worker-24] INFO  o.e.m.c.i.embedder.EclipseLogger - skip non existing resourceDirectory C:\HACKATHON\carshowroommanager\src\test\resources
2022-11-13 14:30:35,668 [Worker-15] INFO  o.e.m.c.i.embedder.EclipseLogger - Using 'UTF-8' encoding to copy filtered resources.
2022-11-13 14:30:35,690 [Worker-15] INFO  o.e.m.c.i.embedder.EclipseLogger - Copying 1 resource
2022-11-13 14:30:35,712 [Worker-15] INFO  o.e.m.c.i.embedder.EclipseLogger - Copying 281 resources
2022-11-13 14:30:35,740 [Worker-15] INFO  o.e.m.c.i.embedder.EclipseLogger - Using 'UTF-8' encoding to copy filtered resources.
2022-11-13 14:30:35,740 [Worker-15] INFO  o.e.m.c.i.embedder.EclipseLogger - skip non existing resourceDirectory C:\HACKATHON\carshowroommanager\src\test\resources
2022-11-13 14:30:44,550 [Worker-13] INFO  o.e.m.c.i.embedder.EclipseLogger - Using 'UTF-8' encoding to copy filtered resources.
2022-11-13 14:30:44,570 [Worker-13] INFO  o.e.m.c.i.embedder.EclipseLogger - Copying 1 resource
2022-11-13 14:30:44,591 [Worker-13] INFO  o.e.m.c.i.embedder.EclipseLogger - Copying 281 resources
2022-11-13 14:30:44,614 [Worker-13] INFO  o.e.m.c.i.embedder.EclipseLogger - Using 'UTF-8' encoding to copy filtered resources.
2022-11-13 14:30:44,615 [Worker-13] INFO  o.e.m.c.i.embedder.EclipseLogger - skip non existing resourceDirectory C:\HACKATHON\carshowroommanager\src\test\resources
2022-11-13 14:35:27,593 [Worker-23] INFO  o.e.m.c.i.embedder.EclipseLogger - Using 'UTF-8' encoding to copy filtered resources.
2022-11-13 14:35:27,593 [Worker-23] INFO  o.e.m.c.i.embedder.EclipseLogger - Copying 0 resource
2022-11-13 14:35:27,593 [Worker-23] INFO  o.e.m.c.i.embedder.EclipseLogger - Copying 0 resource
2022-11-13 14:35:27,595 [Worker-23] INFO  o.e.m.c.i.embedder.EclipseLogger - Using 'UTF-8' encoding to copy filtered resources.
2022-11-13 14:35:27,595 [Worker-23] INFO  o.e.m.c.i.embedder.EclipseLogger - skip non existing resourceDirectory C:\HACKATHON\carshowroommanager\src\test\resources
2022-11-13 14:35:38,138 [Worker-23] INFO  o.e.m.c.i.embedder.EclipseLogger - Using 'UTF-8' encoding to copy filtered resources.
2022-11-13 14:35:38,139 [Worker-23] INFO  o.e.m.c.i.embedder.EclipseLogger - Copying 0 resource
2022-11-13 14:35:38,139 [Worker-23] INFO  o.e.m.c.i.embedder.EclipseLogger - Copying 0 resource
2022-11-13 14:35:38,142 [Worker-23] INFO  o.e.m.c.i.embedder.EclipseLogger - Using 'UTF-8' encoding to copy filtered resources.
2022-11-13 14:35:38,142 [Worker-23] INFO  o.e.m.c.i.embedder.EclipseLogger - skip non existing resourceDirectory C:\HACKATHON\carshowroommanager\src\test\resources
